<?xml version="1.0" encoding="UTF-8"?>
<testng-results skipped="0" failed="0" ignored="0" total="1" passed="1">
  <reporter-output>
  </reporter-output>
  <suite name="EMM Tool" duration-ms="12358" started-at="2020-07-03T05:20:54Z" finished-at="2020-07-03T05:21:06Z">
    <groups>
    </groups>
    <test name="Chrome Test" duration-ms="12358" started-at="2020-07-03T05:20:54Z" finished-at="2020-07-03T05:21:06Z">
      <class name="com.tests.ValidateHomePage">
        <test-method status="PASS" signature="setUp(java.lang.String)[pri:0, instance:com.tests.ValidateHomePage@784c3487]" name="setUp" is-config="true" duration-ms="4523" started-at="2020-07-03T05:20:54Z" finished-at="2020-07-03T05:20:58Z">
          <params>
            <param index="0">
              <value>
                <![CDATA[chrome]]>
              </value>
            </param>
          </params>
          <reporter-output>
          </reporter-output>
        </test-method> <!-- setUp -->
        <test-method status="PASS" signature="validateLogin()[pri:1, instance:com.tests.ValidateHomePage@784c3487]" name="validateLogin" duration-ms="7011" started-at="2020-07-03T05:20:58Z" description="Submit the survey form" finished-at="2020-07-03T05:21:05Z">
          <reporter-output>
          </reporter-output>
        </test-method> <!-- validateLogin -->
        <test-method status="PASS" signature="tearDown()[pri:0, instance:com.tests.ValidateHomePage@784c3487]" name="tearDown" is-config="true" duration-ms="680" started-at="2020-07-03T05:21:06Z" finished-at="2020-07-03T05:21:06Z">
          <reporter-output>
          </reporter-output>
        </test-method> <!-- tearDown -->
      </class> <!-- com.tests.ValidateHomePage -->
    </test> <!-- Chrome Test -->
  </suite> <!-- EMM Tool -->
</testng-results>
