<?xml version="1.0" encoding="UTF-8"?>
<testng-results skipped="0" failed="0" ignored="0" total="1" passed="1">
  <reporter-output>
  </reporter-output>
  <suite name="EMM Tool" duration-ms="13020" started-at="2020-07-02T10:59:44Z" finished-at="2020-07-02T10:59:57Z">
    <groups>
    </groups>
    <test name="Chrome Test" duration-ms="13020" started-at="2020-07-02T10:59:44Z" finished-at="2020-07-02T10:59:57Z">
      <class name="com.tests.ValidateHomePage">
        <test-method status="PASS" signature="setUp(java.lang.String)[pri:0, instance:com.tests.ValidateHomePage@4a335fa8]" name="setUp" is-config="true" duration-ms="3831" started-at="2020-07-02T10:59:44Z" finished-at="2020-07-02T10:59:48Z">
          <params>
            <param index="0">
              <value>
                <![CDATA[chrome]]>
              </value>
            </param>
          </params>
          <reporter-output>
          </reporter-output>
        </test-method> <!-- setUp -->
        <test-method status="PASS" signature="validateLogin()[pri:1, instance:com.tests.ValidateHomePage@4a335fa8]" name="validateLogin" duration-ms="8369" started-at="2020-07-02T10:59:48Z" description="Submit the survey form" finished-at="2020-07-02T10:59:56Z">
          <reporter-output>
          </reporter-output>
        </test-method> <!-- validateLogin -->
        <test-method status="PASS" signature="tearDown()[pri:0, instance:com.tests.ValidateHomePage@4a335fa8]" name="tearDown" is-config="true" duration-ms="673" started-at="2020-07-02T10:59:56Z" finished-at="2020-07-02T10:59:57Z">
          <reporter-output>
          </reporter-output>
        </test-method> <!-- tearDown -->
      </class> <!-- com.tests.ValidateHomePage -->
    </test> <!-- Chrome Test -->
  </suite> <!-- EMM Tool -->
</testng-results>
